<?xml version="1.0" encoding="UTF-8"?>
<!-- Generated by org.testng.reporters.JUnitReportReporter -->
<testsuite hostname="b024c29ffa7c532" failures="0" tests="1" name="ustbatchno3.testNG.EmployeeTest" time="0.022" errors="0" timestamp="2023-03-13T12:29:41 IST" skipped="0">
  <testcase classname="ustbatchno3.testNG.EmployeeTest" name="testofemployee" time="0.022"/>
  <system-out/>
</testsuite> <!-- ustbatchno3.testNG.EmployeeTest -->
